<?xml version="1.0" encoding="UTF-8"?>
<!-- Generated by org.testng.reporters.JUnitXMLReporter -->
<testsuite hostname="DESKTOP-FUMO324" ignored="0" name="Test" tests="3" failures="0" timestamp="2020-06-15T20:25:12 IST" time="0.947" errors="0">
  <testcase name="investmentLoan2" time="0.014" classname="MavenHome.mav.loanDepartmentTest"/>
  <testcase name="investmentLoan" time="0.002" classname="MavenHome.mav.loanDepartment2Test"/>
  <testcase name="dataDriven" time="0.837" classname="MavenHome.mav.dataDrivenTest"/>
</testsuite> <!-- Test -->
