<?xml version="1.0" encoding="UTF-8"?>
<testsuite xmlns:xsi="http://www.w3.org/2001/XMLSchema-instance" xsi:noNamespaceSchemaLocation="https://maven.apache.org/surefire/maven-surefire-plugin/xsd/surefire-test-report.xsd" name="TestSuite" time="1.406" tests="2" errors="0" skipped="0" failures="0">
  <properties>
[...]
</properties>
  <testcase name="investmentLoan2" classname="MavenHome.mav.loanDepartmentTest" time="0.016"/>
  <testcase name="investmentLoan" classname="MavenHome.mav.loanDepartment2Test" time="0.015"/>
</testsuite>