<?xml version="1.0" encoding="UTF-8"?>
<testng-results skipped="0" failed="0" ignored="0" total="2" passed="2">
  <reporter-output>
  </reporter-output>
  <suite name="Suite" duration-ms="79" started-at="2020-06-16T12:20:09 IST" finished-at="2020-06-16T12:20:09 IST">
    <groups>
    </groups>
    <test name="Test" duration-ms="79" started-at="2020-06-16T12:20:09 IST" finished-at="2020-06-16T12:20:09 IST">
      <class name="MavenHome.mav.loanDepartment2Test">
        <test-method status="PASS" signature="investmentLoan()[pri:0, instance:MavenHome.mav.loanDepartment2Test@146ba0ac]" name="investmentLoan" duration-ms="0" started-at="2020-06-16T12:20:09 IST" finished-at="2020-06-16T12:20:09 IST">
          <reporter-output>
          </reporter-output>
        </test-method> <!-- investmentLoan -->
      </class> <!-- MavenHome.mav.loanDepartment2Test -->
      <class name="MavenHome.mav.loanDepartmentTest">
        <test-method status="PASS" signature="investmentLoan2()[pri:0, instance:MavenHome.mav.loanDepartmentTest@754ba872]" name="investmentLoan2" duration-ms="16" started-at="2020-06-16T12:20:09 IST" finished-at="2020-06-16T12:20:09 IST">
          <reporter-output>
          </reporter-output>
        </test-method> <!-- investmentLoan2 -->
      </class> <!-- MavenHome.mav.loanDepartmentTest -->
    </test> <!-- Test -->
  </suite> <!-- Suite -->
</testng-results>
