<?xml version="1.0" encoding="UTF-8"?>
<testng-results skipped="0" failed="0" ignored="0" total="1" passed="1">
  <reporter-output>
  </reporter-output>
  <suite name="Default suite" duration-ms="15533" started-at="2020-06-18T18:01:28 IST" finished-at="2020-06-18T18:01:44 IST">
    <groups>
    </groups>
    <test name="Default test" duration-ms="15533" started-at="2020-06-18T18:01:28 IST" finished-at="2020-06-18T18:01:44 IST">
      <class name="MavenHome.mav.rediffTestCases">
        <test-method status="PASS" signature="Login()[pri:0, instance:MavenHome.mav.rediffTestCases@4b553d26]" name="Login" duration-ms="15466" started-at="2020-06-18T18:01:28 IST" finished-at="2020-06-18T18:01:44 IST">
          <reporter-output>
          </reporter-output>
        </test-method> <!-- Login -->
      </class> <!-- MavenHome.mav.rediffTestCases -->
    </test> <!-- Default test -->
  </suite> <!-- Default suite -->
</testng-results>
